Using pre-set license
Built from '2020.3/staging' branch; Version is '2020.3.4f1 (0abb6314276a) revision 703331'; Using compiler version '192528614'; Build Type 'Release'
OS: 'Windows 10 Home; OS build 19041.985; Version 2004; 64bit' Language: 'pl' Physical Memory: 16348 MB
BatchMode: 1, IsHumanControllingUs: 0, StartBugReporterOnCrash: 0, Is64bit: 1, IsPro: 0

 COMMAND LINE ARGUMENTS:
C:\Program Files\Unity\Hub\Editor\2020.3.4f1\Editor\Unity.exe
-adb2
-batchMode
-noUpm
-name
AssetImportWorker0
-projectPath
C:/Users/Jacek/TGNPP_Hill_Climb
-logFile
Logs/AssetImportWorker0.log
-srvPort
56341
Successfully changed project path to: C:/Users/Jacek/TGNPP_Hill_Climb
C:/Users/Jacek/TGNPP_Hill_Climb
Using Asset Import Pipeline V2.
Refreshing native plugins compatible for Editor in 60.15 ms, found 1 plugins.
Preloading 0 native plugins for Editor in 0.00 ms.
Initialize engine version: 2020.3.4f1 (0abb6314276a)
[Subsystems] Discovering subsystems at path C:/Program Files/Unity/Hub/Editor/2020.3.4f1/Editor/Data/Resources/UnitySubsystems
[Subsystems] Discovering subsystems at path C:/Users/Jacek/TGNPP_Hill_Climb/Assets
GfxDevice: creating device client; threaded=0
Direct3D:
    Version:  Direct3D 11.0 [level 11.1]
    Renderer: NVIDIA GeForce GTX 1050 Ti (ID=0x1c82)
    Vendor:   
    VRAM:     4018 MB
    Driver:   27.21.14.5751
Initialize mono
Mono path[0] = 'C:/Program Files/Unity/Hub/Editor/2020.3.4f1/Editor/Data/Managed'
Mono path[1] = 'C:/Program Files/Unity/Hub/Editor/2020.3.4f1/Editor/Data/MonoBleedingEdge/lib/mono/unityjit'
Mono config path = 'C:/Program Files/Unity/Hub/Editor/2020.3.4f1/Editor/Data/MonoBleedingEdge/etc'
Using monoOptions --debugger-agent=transport=dt_socket,embedding=1,server=y,suspend=n,address=127.0.0.1:56132
Begin MonoManager ReloadAssembly
Registering precompiled unity dll's ...
Register platform support module: C:/Program Files/Unity/Hub/Editor/2020.3.4f1/Editor/Data/PlaybackEngines/WindowsStandaloneSupport/UnityEditor.WindowsStandalone.Extensions.dll
Registered in 0.003556 seconds.
Native extension for WindowsStandalone target not found
Refreshing native plugins compatible for Editor in 47.61 ms, found 1 plugins.
Preloading 0 native plugins for Editor in 0.00 ms.
Mono: successfully reloaded assembly
- Completed reload, in  2.397 seconds
Platform modules already initialized, skipping
Registering precompiled user dll's ...
Registered in 0.000988 seconds.
Begin MonoManager ReloadAssembly
Native extension for WindowsStandalone target not found
Refreshing native plugins compatible for Editor in 45.38 ms, found 1 plugins.
Preloading 0 native plugins for Editor in 0.00 ms.
Mono: successfully reloaded assembly
- Completed reload, in  1.015 seconds
Platform modules already initialized, skipping
========================================================================
Worker process is ready to serve import requests
Launched and connected shader compiler UnityShaderCompiler.exe after 0.05 seconds
Refreshing native plugins compatible for Editor in 0.45 ms, found 1 plugins.
Preloading 0 native plugins for Editor in 0.00 ms.
Unloading 2005 Unused Serialized files (Serialized files now loaded: 0)
System memory in use before: 93.4 MB.
System memory in use after: 93.5 MB.

Unloading 20 unused Assets to reduce memory usage. Loaded Objects now: 2453.
Total: 2.610600 ms (FindLiveObjects: 0.616400 ms CreateObjectMapping: 0.167500 ms MarkObjects: 1.753500 ms  DeleteObjects: 0.071200 ms)

========================================================================
Received Import Request.
  path: Assets/TextMesh Pro
  artifactKey: Guid(f54d1bd14bd3ca042bd867b519fee8cc) Importer(815301076,1909f56bfc062723c751e8b465ee728b)
Start importing Assets/TextMesh Pro using Guid(f54d1bd14bd3ca042bd867b519fee8cc) Importer(815301076,1909f56bfc062723c751e8b465ee728b)  -> (artifact id: '848a6be426deb7a1866c2e2c59583138') in 0.013014 seconds
  Import took 0.019262 seconds .

========================================================================
Received Prepare
Registering precompiled user dll's ...
Registered in 0.000992 seconds.
Begin MonoManager ReloadAssembly
Native extension for WindowsStandalone target not found
Refreshing native plugins compatible for Editor in 0.41 ms, found 1 plugins.
Preloading 0 native plugins for Editor in 0.00 ms.
Mono: successfully reloaded assembly
- Completed reload, in  1.126 seconds
Platform modules already initialized, skipping
Refreshing native plugins compatible for Editor in 0.41 ms, found 1 plugins.
Preloading 0 native plugins for Editor in 0.00 ms.
Unloading 1981 Unused Serialized files (Serialized files now loaded: 0)
System memory in use before: 91.5 MB.
System memory in use after: 91.6 MB.

Unloading 8 unused Assets to reduce memory usage. Loaded Objects now: 2458.
Total: 1.940400 ms (FindLiveObjects: 0.219100 ms CreateObjectMapping: 0.096600 ms MarkObjects: 1.605100 ms  DeleteObjects: 0.018400 ms)

========================================================================
Received Prepare
Registering precompiled user dll's ...
Registered in 0.002836 seconds.
Begin MonoManager ReloadAssembly
Native extension for WindowsStandalone target not found
Refreshing native plugins compatible for Editor in 0.39 ms, found 1 plugins.
Preloading 0 native plugins for Editor in 0.00 ms.
Mono: successfully reloaded assembly
- Completed reload, in  1.082 seconds
Platform modules already initialized, skipping
Refreshing native plugins compatible for Editor in 0.55 ms, found 1 plugins.
Preloading 0 native plugins for Editor in 0.00 ms.
Unloading 1981 Unused Serialized files (Serialized files now loaded: 0)
System memory in use before: 91.5 MB.
System memory in use after: 91.6 MB.

Unloading 8 unused Assets to reduce memory usage. Loaded Objects now: 2462.
Total: 2.987500 ms (FindLiveObjects: 0.193900 ms CreateObjectMapping: 0.076000 ms MarkObjects: 2.692300 ms  DeleteObjects: 0.023700 ms)

========================================================================
Received Import Request.
  Time since last request: 108.301496 seconds.
  path: Assets/Scripts/Radio.cs
  artifactKey: Guid(ad7ec0e9ed2f61940b9508fb05bb40c1) Importer(815301076,1909f56bfc062723c751e8b465ee728b)
Start importing Assets/Scripts/Radio.cs using Guid(ad7ec0e9ed2f61940b9508fb05bb40c1) Importer(815301076,1909f56bfc062723c751e8b465ee728b)  -> (artifact id: '20e912174261886054d589c53c521739') in 0.062552 seconds
  Import took 0.071445 seconds .

========================================================================
Received Import Request.
  Time since last request: 0.865597 seconds.
  path: Assets/Scripts/Radio.cs
  artifactKey: Guid(ad7ec0e9ed2f61940b9508fb05bb40c1) Importer(815301076,1909f56bfc062723c751e8b465ee728b)
Start importing Assets/Scripts/Radio.cs using Guid(ad7ec0e9ed2f61940b9508fb05bb40c1) Importer(815301076,1909f56bfc062723c751e8b465ee728b)  -> (artifact id: '20e912174261886054d589c53c521739') in 0.006710 seconds
  Import took 0.014160 seconds .

========================================================================
Received Import Request.
  Time since last request: 18.204923 seconds.
  path: Assets/Scripts/FinishSound.cs
  artifactKey: Guid(a6313cca11c05ad4cb78b2e7bc42954c) Importer(815301076,1909f56bfc062723c751e8b465ee728b)
Start importing Assets/Scripts/FinishSound.cs using Guid(a6313cca11c05ad4cb78b2e7bc42954c) Importer(815301076,1909f56bfc062723c751e8b465ee728b)  -> (artifact id: '7d192c53b2c76cd2f9a975c493400132') in 0.028810 seconds
  Import took 0.278215 seconds .

========================================================================
Received Import Request.
  Time since last request: 374.481786 seconds.
  path: Assets/Scripts/FinishSound.cs
  artifactKey: Guid(a6313cca11c05ad4cb78b2e7bc42954c) Importer(815301076,1909f56bfc062723c751e8b465ee728b)
Start importing Assets/Scripts/FinishSound.cs using Guid(a6313cca11c05ad4cb78b2e7bc42954c) Importer(815301076,1909f56bfc062723c751e8b465ee728b)  -> (artifact id: '00776957df1ca5cf3557e1b5b9997857') in 0.009592 seconds
  Import took 0.040115 seconds .

========================================================================
Received Import Request.
  Time since last request: 12.706724 seconds.
  path: Assets/Scripts/FinishSound.cs
  artifactKey: Guid(a6313cca11c05ad4cb78b2e7bc42954c) Importer(815301076,1909f56bfc062723c751e8b465ee728b)
Start importing Assets/Scripts/FinishSound.cs using Guid(a6313cca11c05ad4cb78b2e7bc42954c) Importer(815301076,1909f56bfc062723c751e8b465ee728b)  -> (artifact id: '6e39aafd23fd332838684fb12ed6fddd') in 0.010935 seconds
  Import took 0.016895 seconds .

========================================================================
Received Prepare
Registering precompiled user dll's ...
Registered in 0.001511 seconds.
Begin MonoManager ReloadAssembly
Native extension for WindowsStandalone target not found
Refreshing native plugins compatible for Editor in 0.39 ms, found 1 plugins.
Preloading 0 native plugins for Editor in 0.00 ms.
Mono: successfully reloaded assembly
- Completed reload, in  1.019 seconds
Platform modules already initialized, skipping
Refreshing native plugins compatible for Editor in 0.45 ms, found 1 plugins.
Preloading 0 native plugins for Editor in 0.00 ms.
Unloading 1981 Unused Serialized files (Serialized files now loaded: 0)
System memory in use before: 91.6 MB.
System memory in use after: 91.7 MB.

Unloading 8 unused Assets to reduce memory usage. Loaded Objects now: 2466.
Total: 2.077500 ms (FindLiveObjects: 0.190600 ms CreateObjectMapping: 0.075400 ms MarkObjects: 1.785300 ms  DeleteObjects: 0.024800 ms)

========================================================================
Received Import Request.
  Time since last request: 12.058153 seconds.
  path: Assets/Scripts/FinishSound.cs
  artifactKey: Guid(a6313cca11c05ad4cb78b2e7bc42954c) Importer(815301076,1909f56bfc062723c751e8b465ee728b)
Start importing Assets/Scripts/FinishSound.cs using Guid(a6313cca11c05ad4cb78b2e7bc42954c) Importer(815301076,1909f56bfc062723c751e8b465ee728b)  -> (artifact id: '618b7b3fa72e8955eef86841d4033166') in 0.005174 seconds
  Import took 0.009411 seconds .

========================================================================
Received Prepare
Registering precompiled user dll's ...
Registered in 0.001015 seconds.
Begin MonoManager ReloadAssembly
Native extension for WindowsStandalone target not found
Refreshing native plugins compatible for Editor in 0.94 ms, found 1 plugins.
Preloading 0 native plugins for Editor in 0.00 ms.
Mono: successfully reloaded assembly
- Completed reload, in  1.034 seconds
Platform modules already initialized, skipping
Refreshing native plugins compatible for Editor in 0.40 ms, found 1 plugins.
Preloading 0 native plugins for Editor in 0.00 ms.
Unloading 1981 Unused Serialized files (Serialized files now loaded: 0)
System memory in use before: 91.6 MB.
System memory in use after: 91.7 MB.

Unloading 8 unused Assets to reduce memory usage. Loaded Objects now: 2470.
Total: 2.197400 ms (FindLiveObjects: 0.220500 ms CreateObjectMapping: 0.098400 ms MarkObjects: 1.855400 ms  DeleteObjects: 0.021300 ms)

========================================================================
Received Prepare
Registering precompiled user dll's ...
Registered in 0.001041 seconds.
Begin MonoManager ReloadAssembly
Native extension for WindowsStandalone target not found
Refreshing native plugins compatible for Editor in 0.44 ms, found 1 plugins.
Preloading 0 native plugins for Editor in 0.00 ms.
Mono: successfully reloaded assembly
- Completed reload, in  1.028 seconds
Platform modules already initialized, skipping
Refreshing native plugins compatible for Editor in 0.42 ms, found 1 plugins.
Preloading 0 native plugins for Editor in 0.00 ms.
Unloading 1981 Unused Serialized files (Serialized files now loaded: 0)
System memory in use before: 91.6 MB.
System memory in use after: 91.7 MB.

Unloading 8 unused Assets to reduce memory usage. Loaded Objects now: 2474.
Total: 2.951000 ms (FindLiveObjects: 0.318800 ms CreateObjectMapping: 0.138600 ms MarkObjects: 2.470800 ms  DeleteObjects: 0.020200 ms)

========================================================================
Received Prepare
Registering precompiled user dll's ...
Registered in 0.000962 seconds.
Begin MonoManager ReloadAssembly
Native extension for WindowsStandalone target not found
Refreshing native plugins compatible for Editor in 0.40 ms, found 1 plugins.
Preloading 0 native plugins for Editor in 0.00 ms.
Mono: successfully reloaded assembly
- Completed reload, in  1.001 seconds
Platform modules already initialized, skipping
Refreshing native plugins compatible for Editor in 0.45 ms, found 1 plugins.
Preloading 0 native plugins for Editor in 0.00 ms.
Unloading 1981 Unused Serialized files (Serialized files now loaded: 0)
System memory in use before: 91.6 MB.
System memory in use after: 91.7 MB.

Unloading 8 unused Assets to reduce memory usage. Loaded Objects now: 2478.
Total: 2.340300 ms (FindLiveObjects: 0.220200 ms CreateObjectMapping: 0.097400 ms MarkObjects: 1.998000 ms  DeleteObjects: 0.022900 ms)

========================================================================
Received Prepare
Registering precompiled user dll's ...
Registered in 0.000981 seconds.
Begin MonoManager ReloadAssembly
Native extension for WindowsStandalone target not found
Refreshing native plugins compatible for Editor in 0.39 ms, found 1 plugins.
Preloading 0 native plugins for Editor in 0.00 ms.
Mono: successfully reloaded assembly
- Completed reload, in  0.944 seconds
Platform modules already initialized, skipping
Refreshing native plugins compatible for Editor in 0.54 ms, found 1 plugins.
Preloading 0 native plugins for Editor in 0.00 ms.
Unloading 1981 Unused Serialized files (Serialized files now loaded: 0)
System memory in use before: 91.6 MB.
System memory in use after: 91.7 MB.

Unloading 8 unused Assets to reduce memory usage. Loaded Objects now: 2482.
Total: 2.196700 ms (FindLiveObjects: 0.342800 ms CreateObjectMapping: 0.155400 ms MarkObjects: 1.677400 ms  DeleteObjects: 0.019100 ms)

========================================================================
Received Prepare
Registering precompiled user dll's ...
Registered in 0.002036 seconds.
Begin MonoManager ReloadAssembly
Native extension for WindowsStandalone target not found
Refreshing native plugins compatible for Editor in 0.41 ms, found 1 plugins.
Preloading 0 native plugins for Editor in 0.00 ms.
Mono: successfully reloaded assembly
- Completed reload, in  0.932 seconds
Platform modules already initialized, skipping
Refreshing native plugins compatible for Editor in 0.43 ms, found 1 plugins.
Preloading 0 native plugins for Editor in 0.00 ms.
Unloading 1981 Unused Serialized files (Serialized files now loaded: 0)
System memory in use before: 91.6 MB.
System memory in use after: 91.7 MB.

Unloading 8 unused Assets to reduce memory usage. Loaded Objects now: 2486.
Total: 2.002300 ms (FindLiveObjects: 0.188000 ms CreateObjectMapping: 0.074700 ms MarkObjects: 1.721500 ms  DeleteObjects: 0.016900 ms)

========================================================================
Received Prepare
Registering precompiled user dll's ...
Registered in 0.001099 seconds.
Begin MonoManager ReloadAssembly
Native extension for WindowsStandalone target not found
Refreshing native plugins compatible for Editor in 0.67 ms, found 1 plugins.
Preloading 0 native plugins for Editor in 0.00 ms.
Mono: successfully reloaded assembly
- Completed reload, in  1.058 seconds
Platform modules already initialized, skipping
Refreshing native plugins compatible for Editor in 0.46 ms, found 1 plugins.
Preloading 0 native plugins for Editor in 0.00 ms.
Unloading 1981 Unused Serialized files (Serialized files now loaded: 0)
System memory in use before: 91.6 MB.
System memory in use after: 91.7 MB.

Unloading 8 unused Assets to reduce memory usage. Loaded Objects now: 2490.
Total: 2.238900 ms (FindLiveObjects: 0.207900 ms CreateObjectMapping: 0.083800 ms MarkObjects: 1.926100 ms  DeleteObjects: 0.019300 ms)

========================================================================
Received Prepare
Registering precompiled user dll's ...
Registered in 0.001269 seconds.
Begin MonoManager ReloadAssembly
Native extension for WindowsStandalone target not found
Refreshing native plugins compatible for Editor in 0.45 ms, found 1 plugins.
Preloading 0 native plugins for Editor in 0.00 ms.
Mono: successfully reloaded assembly
- Completed reload, in  1.028 seconds
Platform modules already initialized, skipping
Refreshing native plugins compatible for Editor in 0.44 ms, found 1 plugins.
Preloading 0 native plugins for Editor in 0.00 ms.
Unloading 1981 Unused Serialized files (Serialized files now loaded: 0)
System memory in use before: 91.6 MB.
System memory in use after: 91.7 MB.

Unloading 8 unused Assets to reduce memory usage. Loaded Objects now: 2494.
Total: 2.370500 ms (FindLiveObjects: 0.253800 ms CreateObjectMapping: 0.091200 ms MarkObjects: 1.998000 ms  DeleteObjects: 0.025800 ms)

========================================================================
Received Prepare
Registering precompiled user dll's ...
Registered in 0.001102 seconds.
Begin MonoManager ReloadAssembly
Native extension for WindowsStandalone target not found
Refreshing native plugins compatible for Editor in 0.53 ms, found 1 plugins.
Preloading 0 native plugins for Editor in 0.00 ms.
Mono: successfully reloaded assembly
- Completed reload, in  0.938 seconds
Platform modules already initialized, skipping
Refreshing native plugins compatible for Editor in 0.44 ms, found 1 plugins.
Preloading 0 native plugins for Editor in 0.00 ms.
Unloading 1981 Unused Serialized files (Serialized files now loaded: 0)
System memory in use before: 91.6 MB.
System memory in use after: 91.8 MB.

Unloading 8 unused Assets to reduce memory usage. Loaded Objects now: 2498.
Total: 2.157900 ms (FindLiveObjects: 0.353200 ms CreateObjectMapping: 0.126300 ms MarkObjects: 1.658500 ms  DeleteObjects: 0.018600 ms)

========================================================================
Received Prepare
Registering precompiled user dll's ...
Registered in 0.000969 seconds.
Begin MonoManager ReloadAssembly
Native extension for WindowsStandalone target not found
Refreshing native plugins compatible for Editor in 0.48 ms, found 1 plugins.
Preloading 0 native plugins for Editor in 0.00 ms.
Mono: successfully reloaded assembly
- Completed reload, in  0.916 seconds
Platform modules already initialized, skipping
Refreshing native plugins compatible for Editor in 0.43 ms, found 1 plugins.
Preloading 0 native plugins for Editor in 0.00 ms.
Unloading 1981 Unused Serialized files (Serialized files now loaded: 0)
System memory in use before: 91.6 MB.
System memory in use after: 91.8 MB.

Unloading 8 unused Assets to reduce memory usage. Loaded Objects now: 2502.
Total: 2.422200 ms (FindLiveObjects: 0.342500 ms CreateObjectMapping: 0.165200 ms MarkObjects: 1.884600 ms  DeleteObjects: 0.028200 ms)

========================================================================
Received Prepare
Registering precompiled user dll's ...
Registered in 0.001252 seconds.
Begin MonoManager ReloadAssembly
Native extension for WindowsStandalone target not found
Refreshing native plugins compatible for Editor in 0.64 ms, found 1 plugins.
Preloading 0 native plugins for Editor in 0.00 ms.
Mono: successfully reloaded assembly
- Completed reload, in  1.067 seconds
Platform modules already initialized, skipping
Refreshing native plugins compatible for Editor in 0.48 ms, found 1 plugins.
Preloading 0 native plugins for Editor in 0.00 ms.
Unloading 1981 Unused Serialized files (Serialized files now loaded: 0)
System memory in use before: 91.7 MB.
System memory in use after: 91.8 MB.

Unloading 8 unused Assets to reduce memory usage. Loaded Objects now: 2506.
Total: 3.499800 ms (FindLiveObjects: 0.345600 ms CreateObjectMapping: 0.147100 ms MarkObjects: 2.984900 ms  DeleteObjects: 0.020300 ms)

========================================================================
Received Prepare
Registering precompiled user dll's ...
Registered in 0.000952 seconds.
Begin MonoManager ReloadAssembly
Native extension for WindowsStandalone target not found
Refreshing native plugins compatible for Editor in 0.40 ms, found 1 plugins.
Preloading 0 native plugins for Editor in 0.00 ms.
Mono: successfully reloaded assembly
- Completed reload, in  1.023 seconds
Platform modules already initialized, skipping
Refreshing native plugins compatible for Editor in 0.68 ms, found 1 plugins.
Preloading 0 native plugins for Editor in 0.00 ms.
Unloading 1981 Unused Serialized files (Serialized files now loaded: 0)
System memory in use before: 91.7 MB.
System memory in use after: 91.8 MB.

Unloading 8 unused Assets to reduce memory usage. Loaded Objects now: 2510.
Total: 2.278700 ms (FindLiveObjects: 0.192800 ms CreateObjectMapping: 0.077500 ms MarkObjects: 1.990300 ms  DeleteObjects: 0.016900 ms)

========================================================================
Received Prepare
Registering precompiled user dll's ...
Registered in 0.001075 seconds.
Begin MonoManager ReloadAssembly
Native extension for WindowsStandalone target not found
Refreshing native plugins compatible for Editor in 0.48 ms, found 1 plugins.
Preloading 0 native plugins for Editor in 0.00 ms.
Mono: successfully reloaded assembly
- Completed reload, in  1.503 seconds
Platform modules already initialized, skipping
Refreshing native plugins compatible for Editor in 0.44 ms, found 1 plugins.
Preloading 0 native plugins for Editor in 0.00 ms.
Unloading 1981 Unused Serialized files (Serialized files now loaded: 0)
System memory in use before: 91.7 MB.
System memory in use after: 91.8 MB.

Unloading 8 unused Assets to reduce memory usage. Loaded Objects now: 2514.
Total: 3.190900 ms (FindLiveObjects: 0.383000 ms CreateObjectMapping: 0.194200 ms MarkObjects: 2.588100 ms  DeleteObjects: 0.024300 ms)

========================================================================
Received Import Request.
  Time since last request: 8247.912313 seconds.
  path: Assets/Sounds/Engine/fillSound.wav
  artifactKey: Guid(6ef9e9574b3112c45a2ed34bd7492670) Importer(815301076,1909f56bfc062723c751e8b465ee728b)
Start importing Assets/Sounds/Engine/fillSound.wav using Guid(6ef9e9574b3112c45a2ed34bd7492670) Importer(815301076,1909f56bfc062723c751e8b465ee728b)  -> (artifact id: '9048923d57da11d36760e30fe5c22d64') in 0.169877 seconds
  Import took 0.181291 seconds .

========================================================================
Received Prepare
Registering precompiled user dll's ...
Registered in 0.120238 seconds.
Begin MonoManager ReloadAssembly
Native extension for WindowsStandalone target not found
Refreshing native plugins compatible for Editor in 0.51 ms, found 1 plugins.
Preloading 0 native plugins for Editor in 0.00 ms.
Mono: successfully reloaded assembly
- Completed reload, in  1.384 seconds
Platform modules already initialized, skipping
Refreshing native plugins compatible for Editor in 0.41 ms, found 1 plugins.
Preloading 0 native plugins for Editor in 0.00 ms.
Unloading 1981 Unused Serialized files (Serialized files now loaded: 0)
System memory in use before: 94.7 MB.
System memory in use after: 94.8 MB.

Unloading 8 unused Assets to reduce memory usage. Loaded Objects now: 2527.
Total: 4.240000 ms (FindLiveObjects: 0.461300 ms CreateObjectMapping: 0.252600 ms MarkObjects: 3.494500 ms  DeleteObjects: 0.030000 ms)

========================================================================
Received Prepare
Registering precompiled user dll's ...
Registered in 0.001621 seconds.
Begin MonoManager ReloadAssembly
Native extension for WindowsStandalone target not found
Refreshing native plugins compatible for Editor in 0.40 ms, found 1 plugins.
Preloading 0 native plugins for Editor in 0.00 ms.
Mono: successfully reloaded assembly
- Completed reload, in  1.875 seconds
Platform modules already initialized, skipping
Refreshing native plugins compatible for Editor in 0.41 ms, found 1 plugins.
Preloading 0 native plugins for Editor in 0.00 ms.
Unloading 1981 Unused Serialized files (Serialized files now loaded: 0)
System memory in use before: 94.7 MB.
System memory in use after: 94.8 MB.

Unloading 8 unused Assets to reduce memory usage. Loaded Objects now: 2531.
Total: 7.548800 ms (FindLiveObjects: 4.234900 ms CreateObjectMapping: 0.417900 ms MarkObjects: 2.862400 ms  DeleteObjects: 0.030900 ms)

========================================================================
Received Prepare
Registering precompiled user dll's ...
Registered in 0.001200 seconds.
Begin MonoManager ReloadAssembly
Native extension for WindowsStandalone target not found
Refreshing native plugins compatible for Editor in 0.46 ms, found 1 plugins.
Preloading 0 native plugins for Editor in 0.00 ms.
Mono: successfully reloaded assembly
- Completed reload, in  1.616 seconds
Platform modules already initialized, skipping
Refreshing native plugins compatible for Editor in 0.45 ms, found 1 plugins.
Preloading 0 native plugins for Editor in 0.00 ms.
Unloading 1981 Unused Serialized files (Serialized files now loaded: 0)
System memory in use before: 94.7 MB.
System memory in use after: 94.8 MB.

Unloading 8 unused Assets to reduce memory usage. Loaded Objects now: 2535.
Total: 2.432100 ms (FindLiveObjects: 0.323900 ms CreateObjectMapping: 0.145000 ms MarkObjects: 1.942300 ms  DeleteObjects: 0.018400 ms)

========================================================================
Received Prepare
Registering precompiled user dll's ...
Registered in 0.009255 seconds.
Begin MonoManager ReloadAssembly
Native extension for WindowsStandalone target not found
Refreshing native plugins compatible for Editor in 0.89 ms, found 1 plugins.
Preloading 0 native plugins for Editor in 0.00 ms.
Mono: successfully reloaded assembly
- Completed reload, in  2.052 seconds
Platform modules already initialized, skipping
Refreshing native plugins compatible for Editor in 1.67 ms, found 1 plugins.
Preloading 0 native plugins for Editor in 0.00 ms.
Unloading 1981 Unused Serialized files (Serialized files now loaded: 0)
System memory in use before: 94.7 MB.
System memory in use after: 94.8 MB.

Unloading 8 unused Assets to reduce memory usage. Loaded Objects now: 2539.
Total: 2.969800 ms (FindLiveObjects: 0.439100 ms CreateObjectMapping: 0.181000 ms MarkObjects: 2.326800 ms  DeleteObjects: 0.020800 ms)

========================================================================
Received Import Request.
  Time since last request: 2395.365184 seconds.
  path: Assets/Scripts/fillTank.cs
  artifactKey: Guid(20d4f91b58a72f4449f6ebf902ebccc5) Importer(815301076,1909f56bfc062723c751e8b465ee728b)
Start importing Assets/Scripts/fillTank.cs using Guid(20d4f91b58a72f4449f6ebf902ebccc5) Importer(815301076,1909f56bfc062723c751e8b465ee728b)  -> (artifact id: '6ff12325247deff3a333c1782d445382') in 0.015280 seconds
  Import took 0.021187 seconds .

========================================================================
Received Prepare
Registering precompiled user dll's ...
Registered in 0.009805 seconds.
Begin MonoManager ReloadAssembly
Native extension for WindowsStandalone target not found
Refreshing native plugins compatible for Editor in 1.68 ms, found 1 plugins.
Preloading 0 native plugins for Editor in 0.00 ms.
Mono: successfully reloaded assembly
- Completed reload, in 11.722 seconds
Platform modules already initialized, skipping
Refreshing native plugins compatible for Editor in 0.70 ms, found 1 plugins.
Preloading 0 native plugins for Editor in 0.00 ms.
Unloading 1981 Unused Serialized files (Serialized files now loaded: 0)
System memory in use before: 94.7 MB.
System memory in use after: 94.8 MB.

Unloading 8 unused Assets to reduce memory usage. Loaded Objects now: 2543.
Total: 2.798200 ms (FindLiveObjects: 0.342000 ms CreateObjectMapping: 0.404800 ms MarkObjects: 2.027300 ms  DeleteObjects: 0.022400 ms)

========================================================================
Received Prepare
Registering precompiled user dll's ...
Registered in 0.003176 seconds.
Begin MonoManager ReloadAssembly
Native extension for WindowsStandalone target not found
Refreshing native plugins compatible for Editor in 0.40 ms, found 1 plugins.
Preloading 0 native plugins for Editor in 0.00 ms.
Mono: successfully reloaded assembly
- Completed reload, in  1.372 seconds
Platform modules already initialized, skipping
Refreshing native plugins compatible for Editor in 0.41 ms, found 1 plugins.
Preloading 0 native plugins for Editor in 0.00 ms.
Unloading 1981 Unused Serialized files (Serialized files now loaded: 0)
System memory in use before: 94.7 MB.
System memory in use after: 94.8 MB.

Unloading 8 unused Assets to reduce memory usage. Loaded Objects now: 2547.
Total: 2.701200 ms (FindLiveObjects: 0.226600 ms CreateObjectMapping: 0.226700 ms MarkObjects: 2.225800 ms  DeleteObjects: 0.020900 ms)

========================================================================
Received Import Request.
  Time since last request: 3367.404311 seconds.
  path: Assets/Sounds/345297__scrampunk__itemize.wav
  artifactKey: Guid(13c372839a88b694293323ad727ff55b) Importer(815301076,1909f56bfc062723c751e8b465ee728b)
Start importing Assets/Sounds/345297__scrampunk__itemize.wav using Guid(13c372839a88b694293323ad727ff55b) Importer(815301076,1909f56bfc062723c751e8b465ee728b)  -> (artifact id: '448b81bb3eba7760b00700407e0d3150') in 0.098804 seconds
  Import took 0.108893 seconds .

========================================================================
Received Import Request.
  Time since last request: 29.760649 seconds.
  path: Assets/Sounds/Checkpoint.wav
  artifactKey: Guid(eb72809ca47942e4bb62cfc6a866cd52) Importer(815301076,1909f56bfc062723c751e8b465ee728b)
Start importing Assets/Sounds/Checkpoint.wav using Guid(eb72809ca47942e4bb62cfc6a866cd52) Importer(815301076,1909f56bfc062723c751e8b465ee728b)  -> (artifact id: 'a17e58a22d87b56b6385e5d78907a5bd') in 0.036314 seconds
  Import took 0.044146 seconds .

========================================================================
Received Prepare
Registering precompiled user dll's ...
Registered in 0.002739 seconds.
Begin MonoManager ReloadAssembly
Native extension for WindowsStandalone target not found
Refreshing native plugins compatible for Editor in 0.67 ms, found 1 plugins.
Preloading 0 native plugins for Editor in 0.00 ms.
Mono: successfully reloaded assembly
- Completed reload, in  1.279 seconds
Platform modules already initialized, skipping
Refreshing native plugins compatible for Editor in 0.89 ms, found 1 plugins.
Preloading 0 native plugins for Editor in 0.00 ms.
Unloading 1981 Unused Serialized files (Serialized files now loaded: 0)
System memory in use before: 94.7 MB.
System memory in use after: 94.8 MB.

Unloading 8 unused Assets to reduce memory usage. Loaded Objects now: 2552.
Total: 3.343000 ms (FindLiveObjects: 0.685500 ms CreateObjectMapping: 0.253400 ms MarkObjects: 2.377300 ms  DeleteObjects: 0.025000 ms)

========================================================================
Received Import Request.
  Time since last request: 326.550688 seconds.
  path: Assets/Scripts/Sterowanie.cs
  artifactKey: Guid(41edfd32b95242643a7cea18be9c156e) Importer(815301076,1909f56bfc062723c751e8b465ee728b)
Start importing Assets/Scripts/Sterowanie.cs using Guid(41edfd32b95242643a7cea18be9c156e) Importer(815301076,1909f56bfc062723c751e8b465ee728b)  -> (artifact id: 'f5ac318b25da44dc86d6b01f28c7a5d6') in 0.032629 seconds
  Import took 0.042635 seconds .

========================================================================
Received Import Request.
  Time since last request: 259.722041 seconds.
  path: Assets/Scripts/Radio.cs
  artifactKey: Guid(ad7ec0e9ed2f61940b9508fb05bb40c1) Importer(815301076,1909f56bfc062723c751e8b465ee728b)
Start importing Assets/Scripts/Radio.cs using Guid(ad7ec0e9ed2f61940b9508fb05bb40c1) Importer(815301076,1909f56bfc062723c751e8b465ee728b)  -> (artifact id: '437e28bec4e8349250713c756af3832d') in 0.017111 seconds
  Import took 0.033216 seconds .

========================================================================
Received Prepare
Registering precompiled user dll's ...
Registered in 0.002633 seconds.
Begin MonoManager ReloadAssembly
Native extension for WindowsStandalone target not found
Refreshing native plugins compatible for Editor in 0.40 ms, found 1 plugins.
Preloading 0 native plugins for Editor in 0.00 ms.
Mono: successfully reloaded assembly
- Completed reload, in  1.904 seconds
Platform modules already initialized, skipping
Refreshing native plugins compatible for Editor in 0.50 ms, found 1 plugins.
Preloading 0 native plugins for Editor in 0.00 ms.
Unloading 1981 Unused Serialized files (Serialized files now loaded: 0)
System memory in use before: 94.7 MB.
System memory in use after: 94.9 MB.

Unloading 8 unused Assets to reduce memory usage. Loaded Objects now: 2556.
Total: 2.467500 ms (FindLiveObjects: 0.302500 ms CreateObjectMapping: 0.103700 ms MarkObjects: 2.037100 ms  DeleteObjects: 0.022100 ms)

========================================================================
Received Prepare
Registering precompiled user dll's ...
Registered in 0.003588 seconds.
Begin MonoManager ReloadAssembly
Native extension for WindowsStandalone target not found
Refreshing native plugins compatible for Editor in 1.39 ms, found 1 plugins.
Preloading 0 native plugins for Editor in 0.00 ms.
Mono: successfully reloaded assembly
- Completed reload, in  6.500 seconds
Platform modules already initialized, skipping
Refreshing native plugins compatible for Editor in 1.04 ms, found 1 plugins.
Preloading 0 native plugins for Editor in 0.00 ms.
Unloading 1981 Unused Serialized files (Serialized files now loaded: 0)
System memory in use before: 94.7 MB.
System memory in use after: 94.9 MB.

Unloading 8 unused Assets to reduce memory usage. Loaded Objects now: 2560.
Total: 13.930000 ms (FindLiveObjects: 0.713600 ms CreateObjectMapping: 0.234000 ms MarkObjects: 12.954700 ms  DeleteObjects: 0.026100 ms)

========================================================================
Received Prepare
Registering precompiled user dll's ...
Registered in 0.003598 seconds.
Begin MonoManager ReloadAssembly
Native extension for WindowsStandalone target not found
Refreshing native plugins compatible for Editor in 0.75 ms, found 1 plugins.
Preloading 0 native plugins for Editor in 0.00 ms.
Mono: successfully reloaded assembly
- Completed reload, in  1.515 seconds
Platform modules already initialized, skipping
Refreshing native plugins compatible for Editor in 0.42 ms, found 1 plugins.
Preloading 0 native plugins for Editor in 0.00 ms.
Unloading 1981 Unused Serialized files (Serialized files now loaded: 0)
System memory in use before: 94.8 MB.
System memory in use after: 94.9 MB.

Unloading 8 unused Assets to reduce memory usage. Loaded Objects now: 2564.
Total: 2.765200 ms (FindLiveObjects: 0.342500 ms CreateObjectMapping: 0.176400 ms MarkObjects: 2.222700 ms  DeleteObjects: 0.021200 ms)

========================================================================
Received Prepare
Registering precompiled user dll's ...
Registered in 0.001447 seconds.
Begin MonoManager ReloadAssembly
Native extension for WindowsStandalone target not found
Refreshing native plugins compatible for Editor in 0.41 ms, found 1 plugins.
Preloading 0 native plugins for Editor in 0.00 ms.
Mono: successfully reloaded assembly
- Completed reload, in  1.517 seconds
Platform modules already initialized, skipping
Refreshing native plugins compatible for Editor in 0.40 ms, found 1 plugins.
Preloading 0 native plugins for Editor in 0.00 ms.
Unloading 1981 Unused Serialized files (Serialized files now loaded: 0)
System memory in use before: 94.8 MB.
System memory in use after: 94.9 MB.

Unloading 8 unused Assets to reduce memory usage. Loaded Objects now: 2568.
Total: 2.486600 ms (FindLiveObjects: 0.497200 ms CreateObjectMapping: 0.137600 ms MarkObjects: 1.829100 ms  DeleteObjects: 0.021000 ms)

========================================================================
Received Prepare
Registering precompiled user dll's ...
Registered in 0.001024 seconds.
Begin MonoManager ReloadAssembly
Native extension for WindowsStandalone target not found
Refreshing native plugins compatible for Editor in 0.40 ms, found 1 plugins.
Preloading 0 native plugins for Editor in 0.00 ms.
Mono: successfully reloaded assembly
- Completed reload, in  1.557 seconds
Platform modules already initialized, skipping
Refreshing native plugins compatible for Editor in 8.29 ms, found 1 plugins.
Preloading 0 native plugins for Editor in 0.00 ms.
Unloading 1981 Unused Serialized files (Serialized files now loaded: 0)
System memory in use before: 94.8 MB.
System memory in use after: 94.9 MB.

Unloading 8 unused Assets to reduce memory usage. Loaded Objects now: 2572.
Total: 4.659900 ms (FindLiveObjects: 0.387400 ms CreateObjectMapping: 0.467400 ms MarkObjects: 3.774200 ms  DeleteObjects: 0.028200 ms)

========================================================================
Received Prepare
Registering precompiled user dll's ...
Registered in 0.001731 seconds.
Begin MonoManager ReloadAssembly
Native extension for WindowsStandalone target not found
Refreshing native plugins compatible for Editor in 0.40 ms, found 1 plugins.
Preloading 0 native plugins for Editor in 0.00 ms.
Mono: successfully reloaded assembly
- Completed reload, in  1.346 seconds
Platform modules already initialized, skipping
Refreshing native plugins compatible for Editor in 0.55 ms, found 1 plugins.
Preloading 0 native plugins for Editor in 0.00 ms.
Unloading 1981 Unused Serialized files (Serialized files now loaded: 0)
System memory in use before: 94.8 MB.
System memory in use after: 94.9 MB.

Unloading 8 unused Assets to reduce memory usage. Loaded Objects now: 2576.
Total: 3.429800 ms (FindLiveObjects: 0.341100 ms CreateObjectMapping: 0.139100 ms MarkObjects: 2.927400 ms  DeleteObjects: 0.020200 ms)

========================================================================
Received Prepare
Registering precompiled user dll's ...
Registered in 0.001203 seconds.
Begin MonoManager ReloadAssembly
Native extension for WindowsStandalone target not found
Refreshing native plugins compatible for Editor in 0.59 ms, found 1 plugins.
Preloading 0 native plugins for Editor in 0.00 ms.
Mono: successfully reloaded assembly
- Completed reload, in  1.699 seconds
Platform modules already initialized, skipping
Refreshing native plugins compatible for Editor in 0.39 ms, found 1 plugins.
Preloading 0 native plugins for Editor in 0.00 ms.
Unloading 1981 Unused Serialized files (Serialized files now loaded: 0)
System memory in use before: 94.8 MB.
System memory in use after: 94.9 MB.

Unloading 8 unused Assets to reduce memory usage. Loaded Objects now: 2580.
Total: 3.156500 ms (FindLiveObjects: 0.346800 ms CreateObjectMapping: 0.152500 ms MarkObjects: 2.630900 ms  DeleteObjects: 0.024700 ms)

========================================================================
Received Prepare
Registering precompiled user dll's ...
Registered in 0.001495 seconds.
Begin MonoManager ReloadAssembly
Native extension for WindowsStandalone target not found
Refreshing native plugins compatible for Editor in 0.42 ms, found 1 plugins.
Preloading 0 native plugins for Editor in 0.00 ms.
Mono: successfully reloaded assembly
- Completed reload, in  1.687 seconds
Platform modules already initialized, skipping
Refreshing native plugins compatible for Editor in 0.63 ms, found 1 plugins.
Preloading 0 native plugins for Editor in 0.00 ms.
Unloading 1981 Unused Serialized files (Serialized files now loaded: 0)
System memory in use before: 94.8 MB.
System memory in use after: 94.9 MB.

Unloading 8 unused Assets to reduce memory usage. Loaded Objects now: 2584.
Total: 5.357800 ms (FindLiveObjects: 0.209700 ms CreateObjectMapping: 0.085800 ms MarkObjects: 5.037900 ms  DeleteObjects: 0.023000 ms)

========================================================================
Received Import Request.
  Time since last request: 967.964049 seconds.
  path: Assets/Assets/ColorTextMenu.asset
  artifactKey: Guid(517c582ed1e98fb4ea21a76cca92ef21) Importer(815301076,1909f56bfc062723c751e8b465ee728b)
Start importing Assets/Assets/ColorTextMenu.asset using Guid(517c582ed1e98fb4ea21a76cca92ef21) Importer(815301076,1909f56bfc062723c751e8b465ee728b)  -> (artifact id: 'b59f8ff267c64223db0c11f84b40964d') in 0.091336 seconds
  Import took 0.098434 seconds .

========================================================================
Received Import Request.
  Time since last request: 19.915824 seconds.
  path: Assets/Assets/depositphotos_9904060-stock-illustration-empty-garage.jpg
  artifactKey: Guid(25f6689fd4957524da7b9f136c3c426c) Importer(815301076,1909f56bfc062723c751e8b465ee728b)
Start importing Assets/Assets/depositphotos_9904060-stock-illustration-empty-garage.jpg using Guid(25f6689fd4957524da7b9f136c3c426c) Importer(815301076,1909f56bfc062723c751e8b465ee728b)  -> (artifact id: '306d1ea2ee31144d7f239d6e32fe9eef') in 0.107179 seconds
  Import took 0.113659 seconds .

========================================================================
Received Prepare
Registering precompiled user dll's ...
Registered in 0.009704 seconds.
Begin MonoManager ReloadAssembly
Native extension for WindowsStandalone target not found
Refreshing native plugins compatible for Editor in 0.42 ms, found 1 plugins.
Preloading 0 native plugins for Editor in 0.00 ms.
Mono: successfully reloaded assembly
- Completed reload, in  1.602 seconds
Platform modules already initialized, skipping
Refreshing native plugins compatible for Editor in 0.39 ms, found 1 plugins.
Preloading 0 native plugins for Editor in 0.00 ms.
Unloading 1981 Unused Serialized files (Serialized files now loaded: 0)
System memory in use before: 94.8 MB.
System memory in use after: 94.9 MB.

Unloading 8 unused Assets to reduce memory usage. Loaded Objects now: 2592.
Total: 2.658300 ms (FindLiveObjects: 0.304600 ms CreateObjectMapping: 0.089600 ms MarkObjects: 2.233300 ms  DeleteObjects: 0.029400 ms)

========================================================================
Received Import Request.
  Time since last request: 266.516625 seconds.
  path: Assets/Sounds/Engine/fillSound 1.wav
  artifactKey: Guid(e029f96eb150d6c4bbcc35208f9de779) Importer(815301076,1909f56bfc062723c751e8b465ee728b)
Start importing Assets/Sounds/Engine/fillSound 1.wav using Guid(e029f96eb150d6c4bbcc35208f9de779) Importer(815301076,1909f56bfc062723c751e8b465ee728b)  -> (artifact id: 'ae23906f50aead8f1250d485c8762427') in 0.109903 seconds
  Import took 0.116435 seconds .

========================================================================
Received Import Request.
  Time since last request: 9.140402 seconds.
  path: Assets/Sounds/Engine/fillSound.wav
  artifactKey: Guid(6ef9e9574b3112c45a2ed34bd7492670) Importer(815301076,1909f56bfc062723c751e8b465ee728b)
Start importing Assets/Sounds/Engine/fillSound.wav using Guid(6ef9e9574b3112c45a2ed34bd7492670) Importer(815301076,1909f56bfc062723c751e8b465ee728b)  -> (artifact id: '0abfc8d24691906ba34fbd8be11e1fe6') in 0.037133 seconds
  Import took 0.044243 seconds .

========================================================================
Received Prepare
Registering precompiled user dll's ...
Registered in 0.008667 seconds.
Begin MonoManager ReloadAssembly
Native extension for WindowsStandalone target not found
Refreshing native plugins compatible for Editor in 0.91 ms, found 1 plugins.
Preloading 0 native plugins for Editor in 0.00 ms.
Mono: successfully reloaded assembly
- Completed reload, in  1.511 seconds
Platform modules already initialized, skipping
Refreshing native plugins compatible for Editor in 0.49 ms, found 1 plugins.
Preloading 0 native plugins for Editor in 0.00 ms.
Unloading 1981 Unused Serialized files (Serialized files now loaded: 0)
System memory in use before: 94.8 MB.
System memory in use after: 95.0 MB.

Unloading 8 unused Assets to reduce memory usage. Loaded Objects now: 2597.
Total: 2.744100 ms (FindLiveObjects: 0.354900 ms CreateObjectMapping: 0.106300 ms MarkObjects: 2.240900 ms  DeleteObjects: 0.040700 ms)

AssetImportWorkerClient::OnTransportError - code=2 error=End of file
